# JRE version: OpenJDK Runtime Environment Temurin-21.0.8+9 (21.0.8+9) (build 21.0.8+9-LTS)
# Java VM: OpenJDK 64-Bit Server VM Temurin-21.0.8+9 (21.0.8+9-LTS, mixed mode, sharing, tiered, compressed oops, compressed class ptrs, parallel gc, windows-amd64)
GC Precious Log:
 CardTable entry size: 512
 CPUs: 4 total, 4 available
 Memory: 3891M
 Large Page Support: Disabled
 NUMA Support: Disabled
 Compressed Oops: Enabled (32-bit)
 Alignments: Space 512K, Generation 512K, Heap 2M
 Heap Min Capacity: 100M
 Heap Initial Capacity: 100M
 Heap Max Capacity: 2G
 Pre-touch: Disabled
 Parallel Workers: 4
Heap:
 PSYoungGen      total 6144K, used 2699K [0x00000000d5580000, 0x00000000d6380000, 0x0000000100000000)
  eden space 5120K, 37% used [0x00000000d5580000,0x00000000d575db58,0x00000000d5a80000)
  from space 1024K, 77% used [0x00000000d6180000,0x00000000d6245200,0x00000000d6280000)
  to   space 1024K, 0% used [0x00000000d6280000,0x00000000d6280000,0x00000000d6380000)
 ParOldGen       total 678400K, used 471453K [0x0000000080000000, 0x00000000a9680000, 0x00000000d5580000)
  object space 678400K, 69% used [0x0000000080000000,0x000000009cc676b8,0x00000000a9680000)
 Metaspace       used 76823K, committed 78336K, reserved 1179648K
  class space    used 7708K, committed 8384K, reserved 1048576K
GC Heap History (20 events):
Event: 5428.170 GC heap before
{Heap before GC invocations=838 (full 4):
 PSYoungGen      total 6656K, used 5620K [0x00000000d5580000, 0x00000000d6480000, 0x0000000100000000)
  eden space 5120K, 100% used [0x00000000d5580000,0x00000000d5a80000,0x00000000d5a80000)
  from space 1536K, 32% used [0x00000000d6200000,0x00000000d627d200,0x00000000d6380000)
  to   space 1024K, 0% used [0x00000000d6380000,0x00000000d6380000,0x00000000d6480000)
 ParOldGen       total 678400K, used 468351K [0x0000000080000000, 0x00000000a9680000, 0x00000000d5580000)
  object space 678400K, 69% used [0x0000000080000000,0x000000009c95ff38,0x00000000a9680000)
 Metaspace       used 76683K, committed 78144K, reserved 1179648K
  class space    used 7697K, committed 8384K, reserved 1048576K
}
Event: 5428.174 GC heap after
{Heap after GC invocations=838 (full 4):
 PSYoungGen      total 5632K, used 212K [0x00000000d5580000, 0x00000000d6400000, 0x0000000100000000)
  eden space 5120K, 0% used [0x00000000d5580000,0x00000000d5580000,0x00000000d5a80000)
  from space 512K, 41% used [0x00000000d6380000,0x00000000d63b5200,0x00000000d6400000)
  to   space 512K, 0% used [0x00000000d6300000,0x00000000d6300000,0x00000000d6380000)
 ParOldGen       total 678400K, used 468375K [0x0000000080000000, 0x00000000a9680000, 0x00000000d5580000)
  object space 678400K, 69% used [0x0000000080000000,0x000000009c965f38,0x00000000a9680000)
 Metaspace       used 76683K, committed 78144K, reserved 1179648K
  class space    used 7697K, committed 8384K, reserved 1048576K
}
Event: 5437.607 GC heap before
{Heap before GC invocations=839 (full 4):
 PSYoungGen      total 5632K, used 5332K [0x00000000d5580000, 0x00000000d6400000, 0x0000000100000000)
  eden space 5120K, 100% used [0x00000000d5580000,0x00000000d5a80000,0x00000000d5a80000)
  from space 512K, 41% used [0x00000000d6380000,0x00000000d63b5200,0x00000000d6400000)
  to   space 512K, 0% used [0x00000000d6300000,0x00000000d6300000,0x00000000d6380000)
 ParOldGen       total 678400K, used 468375K [0x0000000080000000, 0x00000000a9680000, 0x00000000d5580000)
  object space 678400K, 69% used [0x0000000080000000,0x000000009c965f38,0x00000000a9680000)
 Metaspace       used 76700K, committed 78208K, reserved 1179648K
  class space    used 7699K, committed 8384K, reserved 1048576K
}
Event: 5437.610 GC heap after
{Heap after GC invocations=839 (full 4):
 PSYoungGen      total 5632K, used 128K [0x00000000d5580000, 0x00000000d6400000, 0x0000000100000000)
  eden space 5120K, 0% used [0x00000000d5580000,0x00000000d5580000,0x00000000d5a80000)
  from space 512K, 25% used [0x00000000d6300000,0x00000000d6320000,0x00000000d6380000)
  to   space 512K, 0% used [0x00000000d6380000,0x00000000d6380000,0x00000000d6400000)
 ParOldGen       total 678400K, used 468415K [0x0000000080000000, 0x00000000a9680000, 0x00000000d5580000)
  object space 678400K, 69% used [0x0000000080000000,0x000000009c96ff38,0x00000000a9680000)
 Metaspace       used 76700K, committed 78208K, reserved 1179648K
  class space    used 7699K, committed 8384K, reserved 1048576K
}
Event: 6182.246 GC heap before
{Heap before GC invocations=840 (full 4):
 PSYoungGen      total 5632K, used 5248K [0x00000000d5580000, 0x00000000d6400000, 0x0000000100000000)
  eden space 5120K, 100% used [0x00000000d5580000,0x00000000d5a80000,0x00000000d5a80000)
  from space 512K, 25% used [0x00000000d6300000,0x00000000d6320000,0x00000000d6380000)
  to   space 512K, 0% used [0x00000000d6380000,0x00000000d6380000,0x00000000d6400000)
 ParOldGen       total 678400K, used 468415K [0x0000000080000000, 0x00000000a9680000, 0x00000000d5580000)
  object space 678400K, 69% used [0x0000000080000000,0x000000009c96ff38,0x00000000a9680000)
 Metaspace       used 76728K, committed 78272K, reserved 1179648K
  class space    used 7700K, committed 8384K, reserved 1048576K
}
Event: 6182.444 GC heap after
{Heap after GC invocations=840 (full 4):
 PSYoungGen      total 5632K, used 160K [0x00000000d5580000, 0x00000000d6400000, 0x0000000100000000)
  eden space 5120K, 0% used [0x00000000d5580000,0x00000000d5580000,0x00000000d5a80000)
  from space 512K, 31% used [0x00000000d6380000,0x00000000d63a8000,0x00000000d6400000)
  to   space 512K, 0% used [0x00000000d6300000,0x00000000d6300000,0x00000000d6380000)
 ParOldGen       total 678400K, used 468447K [0x0000000080000000, 0x00000000a9680000, 0x00000000d5580000)
  object space 678400K, 69% used [0x0000000080000000,0x000000009c977f38,0x00000000a9680000)
 Metaspace       used 76728K, committed 78272K, reserved 1179648K
  class space    used 7700K, committed 8384K, reserved 1048576K
}
Event: 6182.954 GC heap before
{Heap before GC invocations=841 (full 4):
 PSYoungGen      total 5632K, used 5280K [0x00000000d5580000, 0x00000000d6400000, 0x0000000100000000)
  eden space 5120K, 100% used [0x00000000d5580000,0x00000000d5a80000,0x00000000d5a80000)
  from space 512K, 31% used [0x00000000d6380000,0x00000000d63a8000,0x00000000d6400000)
  to   space 512K, 0% used [0x00000000d6300000,0x00000000d6300000,0x00000000d6380000)
 ParOldGen       total 678400K, used 468447K [0x0000000080000000, 0x00000000a9680000, 0x00000000d5580000)
  object space 678400K, 69% used [0x0000000080000000,0x000000009c977f38,0x00000000a9680000)
 Metaspace       used 76740K, committed 78272K, reserved 1179648K
  class space    used 7701K, committed 8384K, reserved 1048576K
}
Event: 6182.974 GC heap after
{Heap after GC invocations=841 (full 4):
 PSYoungGen      total 5632K, used 500K [0x00000000d5580000, 0x00000000d6400000, 0x0000000100000000)
  eden space 5120K, 0% used [0x00000000d5580000,0x00000000d5580000,0x00000000d5a80000)
  from space 512K, 97% used [0x00000000d6300000,0x00000000d637d220,0x00000000d6380000)
  to   space 512K, 0% used [0x00000000d6380000,0x00000000d6380000,0x00000000d6400000)
 ParOldGen       total 678400K, used 468751K [0x0000000080000000, 0x00000000a9680000, 0x00000000d5580000)
  object space 678400K, 69% used [0x0000000080000000,0x000000009c9c3f48,0x00000000a9680000)
 Metaspace       used 76740K, committed 78272K, reserved 1179648K
  class space    used 7701K, committed 8384K, reserved 1048576K
}
Event: 6183.725 GC heap before
{Heap before GC invocations=842 (full 4):
 PSYoungGen      total 5632K, used 5620K [0x00000000d5580000, 0x00000000d6400000, 0x0000000100000000)
  eden space 5120K, 100% used [0x00000000d5580000,0x00000000d5a80000,0x00000000d5a80000)
  from space 512K, 97% used [0x00000000d6300000,0x00000000d637d220,0x00000000d6380000)
  to   space 512K, 0% used [0x00000000d6380000,0x00000000d6380000,0x00000000d6400000)
 ParOldGen       total 678400K, used 468751K [0x0000000080000000, 0x00000000a9680000, 0x00000000d5580000)
  object space 678400K, 69% used [0x0000000080000000,0x000000009c9c3f48,0x00000000a9680000)
 Metaspace       used 76748K, committed 78272K, reserved 1179648K
  class space    used 7701K, committed 8384K, reserved 1048576K
}
Event: 6183.800 GC heap after
{Heap after GC invocations=842 (full 4):
 PSYoungGen      total 5632K, used 480K [0x00000000d5580000, 0x00000000d6400000, 0x0000000100000000)
  eden space 5120K, 0% used [0x00000000d5580000,0x00000000d5580000,0x00000000d5a80000)
  from space 512K, 93% used [0x00000000d6380000,0x00000000d63f8010,0x00000000d6400000)
  to   space 1536K, 0% used [0x00000000d6100000,0x00000000d6100000,0x00000000d6280000)
 ParOldGen       total 678400K, used 469653K [0x0000000080000000, 0x00000000a9680000, 0x00000000d5580000)
  object space 678400K, 69% used [0x0000000080000000,0x000000009caa5788,0x00000000a9680000)
 Metaspace       used 76748K, committed 78272K, reserved 1179648K
  class space    used 7701K, committed 8384K, reserved 1048576K
}
Event: 6184.015 GC heap before
{Heap before GC invocations=843 (full 4):
 PSYoungGen      total 5632K, used 5600K [0x00000000d5580000, 0x00000000d6400000, 0x0000000100000000)
  eden space 5120K, 100% used [0x00000000d5580000,0x00000000d5a80000,0x00000000d5a80000)
  from space 512K, 93% used [0x00000000d6380000,0x00000000d63f8010,0x00000000d6400000)
  to   space 1536K, 0% used [0x00000000d6100000,0x00000000d6100000,0x00000000d6280000)
 ParOldGen       total 678400K, used 469653K [0x0000000080000000, 0x00000000a9680000, 0x00000000d5580000)
  object space 678400K, 69% used [0x0000000080000000,0x000000009caa5788,0x00000000a9680000)
 Metaspace       used 76769K, committed 78336K, reserved 1179648K
  class space    used 7701K, committed 8384K, reserved 1048576K
}
Event: 6184.026 GC heap after
{Heap after GC invocations=843 (full 4):
 PSYoungGen      total 6656K, used 672K [0x00000000d5580000, 0x00000000d6400000, 0x0000000100000000)
  eden space 5120K, 0% used [0x00000000d5580000,0x00000000d5580000,0x00000000d5a80000)
  from space 1536K, 43% used [0x00000000d6100000,0x00000000d61a8000,0x00000000d6280000)
  to   space 1024K, 0% used [0x00000000d6300000,0x00000000d6300000,0x00000000d6400000)
 ParOldGen       total 678400K, used 470132K [0x0000000080000000, 0x00000000a9680000, 0x00000000d5580000)
  object space 678400K, 69% used [0x0000000080000000,0x000000009cb1d328,0x00000000a9680000)
 Metaspace       used 76769K, committed 78336K, reserved 1179648K
  class space    used 7701K, committed 8384K, reserved 1048576K
}
Event: 6184.475 GC heap before
{Heap before GC invocations=844 (full 4):
 PSYoungGen      total 6656K, used 5792K [0x00000000d5580000, 0x00000000d6400000, 0x0000000100000000)
  eden space 5120K, 100% used [0x00000000d5580000,0x00000000d5a80000,0x00000000d5a80000)
  from space 1536K, 43% used [0x00000000d6100000,0x00000000d61a8000,0x00000000d6280000)
  to   space 1024K, 0% used [0x00000000d6300000,0x00000000d6300000,0x00000000d6400000)
 ParOldGen       total 678400K, used 470132K [0x0000000080000000, 0x00000000a9680000, 0x00000000d5580000)
  object space 678400K, 69% used [0x0000000080000000,0x000000009cb1d328,0x00000000a9680000)
 Metaspace       used 76783K, committed 78336K, reserved 1179648K
  class space    used 7704K, committed 8384K, reserved 1048576K
}
Event: 6184.484 GC heap after
{Heap after GC invocations=844 (full 4):
 PSYoungGen      total 6144K, used 826K [0x00000000d5580000, 0x00000000d6400000, 0x0000000100000000)
  eden space 5120K, 0% used [0x00000000d5580000,0x00000000d5580000,0x00000000d5a80000)
  from space 1024K, 80% used [0x00000000d6300000,0x00000000d63ce900,0x00000000d6400000)
  to   space 1024K, 0% used [0x00000000d6200000,0x00000000d6200000,0x00000000d6300000)
 ParOldGen       total 678400K, used 470719K [0x0000000080000000, 0x00000000a9680000, 0x00000000d5580000)
  object space 678400K, 69% used [0x0000000080000000,0x000000009cbafea8,0x00000000a9680000)
 Metaspace       used 76783K, committed 78336K, reserved 1179648K
  class space    used 7704K, committed 8384K, reserved 1048576K
}
Event: 6184.566 GC heap before
{Heap before GC invocations=845 (full 4):
 PSYoungGen      total 6144K, used 5946K [0x00000000d5580000, 0x00000000d6400000, 0x0000000100000000)
  eden space 5120K, 100% used [0x00000000d5580000,0x00000000d5a80000,0x00000000d5a80000)
  from space 1024K, 80% used [0x00000000d6300000,0x00000000d63ce900,0x00000000d6400000)
  to   space 1024K, 0% used [0x00000000d6200000,0x00000000d6200000,0x00000000d6300000)
 ParOldGen       total 678400K, used 470719K [0x0000000080000000, 0x00000000a9680000, 0x00000000d5580000)
  object space 678400K, 69% used [0x0000000080000000,0x000000009cbafea8,0x00000000a9680000)
 Metaspace       used 76784K, committed 78336K, reserved 1179648K
  class space    used 7704K, committed 8384K, reserved 1048576K
}
Event: 6184.577 GC heap after
{Heap after GC invocations=845 (full 4):
 PSYoungGen      total 6144K, used 964K [0x00000000d5580000, 0x00000000d6380000, 0x0000000100000000)
  eden space 5120K, 0% used [0x00000000d5580000,0x00000000d5580000,0x00000000d5a80000)
  from space 1024K, 94% used [0x00000000d6200000,0x00000000d62f1210,0x00000000d6300000)
  to   space 512K, 0% used [0x00000000d6300000,0x00000000d6300000,0x00000000d6380000)
 ParOldGen       total 678400K, used 470759K [0x0000000080000000, 0x00000000a9680000, 0x00000000d5580000)
  object space 678400K, 69% used [0x0000000080000000,0x000000009cbb9ea8,0x00000000a9680000)
 Metaspace       used 76784K, committed 78336K, reserved 1179648K
  class space    used 7704K, committed 8384K, reserved 1048576K
}
Event: 6185.204 GC heap before
{Heap before GC invocations=846 (full 4):
 PSYoungGen      total 6144K, used 6084K [0x00000000d5580000, 0x00000000d6380000, 0x0000000100000000)
  eden space 5120K, 100% used [0x00000000d5580000,0x00000000d5a80000,0x00000000d5a80000)
  from space 1024K, 94% used [0x00000000d6200000,0x00000000d62f1210,0x00000000d6300000)
  to   space 512K, 0% used [0x00000000d6300000,0x00000000d6300000,0x00000000d6380000)
 ParOldGen       total 678400K, used 470759K [0x0000000080000000, 0x00000000a9680000, 0x00000000d5580000)
  object space 678400K, 69% used [0x0000000080000000,0x000000009cbb9ea8,0x00000000a9680000)
 Metaspace       used 76786K, committed 78336K, reserved 1179648K
  class space    used 7704K, committed 8384K, reserved 1048576K
}
Event: 6185.210 GC heap after
{Heap after GC invocations=846 (full 4):
 PSYoungGen      total 5632K, used 500K [0x00000000d5580000, 0x00000000d6380000, 0x0000000100000000)
  eden space 5120K, 0% used [0x00000000d5580000,0x00000000d5580000,0x00000000d5a80000)
  from space 512K, 97% used [0x00000000d6300000,0x00000000d637d200,0x00000000d6380000)
  to   space 1024K, 0% used [0x00000000d6180000,0x00000000d6180000,0x00000000d6280000)
 ParOldGen       total 678400K, used 471004K [0x0000000080000000, 0x00000000a9680000, 0x00000000d5580000)
  object space 678400K, 69% used [0x0000000080000000,0x000000009cbf70b8,0x00000000a9680000)
 Metaspace       used 76786K, committed 78336K, reserved 1179648K
  class space    used 7704K, committed 8384K, reserved 1048576K
}
Event: 6187.364 GC heap before
{Heap before GC invocations=847 (full 4):
 PSYoungGen      total 5632K, used 5620K [0x00000000d5580000, 0x00000000d6380000, 0x0000000100000000)
  eden space 5120K, 100% used [0x00000000d5580000,0x00000000d5a80000,0x00000000d5a80000)
  from space 512K, 97% used [0x00000000d6300000,0x00000000d637d200,0x00000000d6380000)
  to   space 1024K, 0% used [0x00000000d6180000,0x00000000d6180000,0x00000000d6280000)
 ParOldGen       total 678400K, used 471004K [0x0000000080000000, 0x00000000a9680000, 0x00000000d5580000)
  object space 678400K, 69% used [0x0000000080000000,0x000000009cbf70b8,0x00000000a9680000)
 Metaspace       used 76810K, committed 78336K, reserved 1179648K
  class space    used 7708K, committed 8384K, reserved 1048576K
}
Event: 6187.380 GC heap after
{Heap after GC invocations=847 (full 4):
 PSYoungGen      total 6144K, used 788K [0x00000000d5580000, 0x00000000d6380000, 0x0000000100000000)
  eden space 5120K, 0% used [0x00000000d5580000,0x00000000d5580000,0x00000000d5a80000)
  from space 1024K, 77% used [0x00000000d6180000,0x00000000d6245200,0x00000000d6280000)
  to   space 1024K, 0% used [0x00000000d6280000,0x00000000d6280000,0x00000000d6380000)
 ParOldGen       total 678400K, used 471453K [0x0000000080000000, 0x00000000a9680000, 0x00000000d5580000)
  object space 678400K, 69% used [0x0000000080000000,0x000000009cc676b8,0x00000000a9680000)
 Metaspace       used 76810K, committed 78336K, reserved 1179648K
  class space    used 7708K, committed 8384K, reserved 1048576K
}

